[12:39:53.276 Verbose] - BuildManager - C:\My Files\School\הנדסת תוכנה\שנה ג\סמסטר ב\סדנא ליישום פרוייקט תוכנה\Workspace\Version 1\E-Commerce-System\code\test\ECommerceSystemUnitTests\DomainLayer\SystemManagement\SearchAndFilterTests.cs(8,7): error CS0246: The type or namespace name 'Moq' could not be found (are you missing a using directive or an assembly reference?)
[12:39:53.277 Verbose] - BuildManager - C:\My Files\School\הנדסת תוכנה\שנה ג\סמסטר ב\סדנא ליישום פרוייקט תוכנה\Workspace\Version 1\E-Commerce-System\code\test\ECommerceSystemUnitTests\DomainLayer\SystemManagement\SearchAndFilterTests.cs(17,17): error CS0246: The type or namespace name 'Mock<>' could not be found (are you missing a using directive or an assembly reference?)
[12:39:53.277 Verbose] - BuildManager - C:\My Files\School\הנדסת תוכנה\שנה ג\סמסטר ב\סדנא ליישום פרוייקט תוכנה\Workspace\Version 1\E-Commerce-System\code\test\ECommerceSystemUnitTests\DomainLayer\SystemManagement\SearchAndFilterTests.cs(43,25): error CS0246: The type or namespace name 'Mock<>' could not be found (are you missing a using directive or an assembly reference?)
[12:39:53.280 Verbose] - BuildManager - C:\My Files\School\הנדסת תוכנה\שנה ג\סמסטר ב\סדנא ליישום פרוייקט תוכנה\Workspace\Version 1\E-Commerce-System\code\test\ECommerceSystemUnitTests\DomainLayer\SystemManagement\SearchAndFilterTests.cs(60,29): error CS1503: Argument 1: cannot convert from 'method group' to 'object'
[12:39:53.281 Verbose] - BuildManager - C:\My Files\School\הנדסת תוכנה\שנה ג\סמסטר ב\סדנא ליישום פרוייקט תוכנה\Workspace\Version 1\E-Commerce-System\code\test\ECommerceSystemUnitTests\DomainLayer\SystemManagement\SystemManagerTests.cs(15,16): warning CS0169: The field 'SystemManagerTests.totalPrice' is never used
[12:39:53.281 Verbose] - BuildManager - C:\My Files\School\הנדסת תוכנה\שנה ג\סמסטר ב\סדנא ליישום פרוייקט תוכנה\Workspace\Version 1\E-Commerce-System\code\test\ECommerceSystemUnitTests\DomainLayer\SystemManagement\SystemManagerTests.cs(16,34): warning CS0169: The field 'SystemManagerTests.allProducts' is never used
[12:39:53.281 Verbose] - BuildManager - C:\My Files\School\הנדסת תוכנה\שנה ג\סמסטר ב\סדנא ליישום פרוייקט תוכנה\Workspace\Version 1\E-Commerce-System\code\test\ECommerceSystemUnitTests\DomainLayer\SystemManagement\SystemManagerTests.cs(21,16): warning CS0169: The field 'SystemManagerTests.creditCardNumber' is never used
[12:39:53.281 Verbose] - BuildManager - C:\My Files\School\הנדסת תוכנה\שנה ג\סמסטר ב\סדנא ליישום פרוייקט תוכנה\Workspace\Version 1\E-Commerce-System\code\test\ECommerceSystemUnitTests\DomainLayer\SystemManagement\SystemManagerTests.cs(22,18): warning CS0169: The field 'SystemManagerTests.expirationCreditCard' is never used
[12:39:53.281 Verbose] - BuildManager - C:\My Files\School\הנדסת תוכנה\שנה ג\סמסטר ב\סדנא ליישום פרוייקט תוכנה\Workspace\Version 1\E-Commerce-System\code\test\ECommerceSystemUnitTests\DomainLayer\SystemManagement\SystemManagerTests.cs(24,16): warning CS0169: The field 'SystemManagerTests.address' is never used
[12:39:53.281 Verbose] - BuildManager - C:\My Files\School\הנדסת תוכנה\שנה ג\סמסטר ב\סדנא ליישום פרוייקט תוכנה\Workspace\Version 1\E-Commerce-System\code\test\ECommerceSystemUnitTests\DomainLayer\SystemManagement\SystemManagerTests.cs(23,13): warning CS0169: The field 'SystemManagerTests.CVV' is never used
[12:39:53.281 Verbose] - BuildManager - C:\My Files\School\הנדסת תוכנה\שנה ג\סמסטר ב\סדנא ליישום פרוייקט תוכנה\Workspace\Version 1\E-Commerce-System\code\test\ECommerceSystemUnitTests\DomainLayer\SystemManagement\SystemManagerTests.cs(18,38): warning CS0169: The field 'SystemManagerTests.storePayments' is never used
[12:39:53.281 Verbose] - BuildManager - C:\My Files\School\הנדסת תוכנה\שנה ג\סמסטר ב\סדנא ליישום פרוייקט תוכנה\Workspace\Version 1\E-Commerce-System\code\test\ECommerceSystemUnitTests\DomainLayer\SystemManagement\SystemManagerTests.cs(17,53): warning CS0169: The field 'SystemManagerTests.storeProducts' is never used
[12:39:53.281 Verbose] - BuildManager - C:\My Files\School\הנדסת תוכנה\שנה ג\סמסטר ב\סדנא ליישום פרוייקט תוכנה\Workspace\Version 1\E-Commerce-System\code\test\ECommerceSystemUnitTests\DomainLayer\SystemManagement\SystemManagerTests.cs(19,16): warning CS0169: The field 'SystemManagerTests.firstName' is never used
[12:39:53.281 Verbose] - BuildManager - C:\My Files\School\הנדסת תוכנה\שנה ג\סמסטר ב\סדנא ליישום פרוייקט תוכנה\Workspace\Version 1\E-Commerce-System\code\test\ECommerceSystemUnitTests\DomainLayer\SystemManagement\SystemManagerTests.cs(19,34): warning CS0169: The field 'SystemManagerTests.lastName' is never used
[12:39:53.281 Verbose] - BuildManager - C:\My Files\School\הנדסת תוכנה\שנה ג\סמסטר ב\סדנא ליישום פרוייקט תוכנה\Workspace\Version 1\E-Commerce-System\code\test\ECommerceSystemUnitTests\DomainLayer\SystemManagement\SystemManagerTests.cs(20,13): warning CS0169: The field 'SystemManagerTests.id' is never used
[12:39:53.281 Verbose] - BuildManager - C:\My Files\School\הנדסת תוכנה\שנה ג\סמסטר ב\סדנא ליישום פרוייקט תוכנה\Workspace\Version 1\E-Commerce-System\code\test\ECommerceSystemUnitTests\DomainLayer\UserManagement\security\ValidationTests.cs(16,24): warning CS0414: The field 'ValidationTests.valid_pswd3' is assigned but its value is never used
[12:39:53.288 Verbose] - BuildManager - Some of the file paths defined in the csproj under the Live Unit Testing build path are missing. Verify whether these files should be present under the Live Unit Testing build path and if necessary update the csproj definition to look these files up in a different place.
[12:39:53.292 Verbose] - BuildManager - Item _OutputPathItem 'C:\My Files\School\הנדסת תוכנה\שנה ג\סמסטר ב\סדנא ליישום פרוייקט תוכנה\Workspace\Version 1\E-Commerce-System\code\.vs\ECommerceSystem\v16\lut\0\b\test\ECommerceSystemUnitTests\bin\Debug\' evaluated via:
_OutputPathItem: '$(OutDir)' @ C:\Program Files (x86)\Microsoft Visual Studio\2019\Enterprise\MSBuild\Current\Bin\Microsoft.Common.CurrentVersion.targets:272
  OutDir: 'C:\My Files\School\הנדסת תוכנה\שנה ג\סמסטר ב\סדנא ליישום פרוייקט תוכנה\Workspace\Version 1\E-Commerce-System\code\.vs\ECommerceSystem\v16\lut\0\b\test\ECommerceSystemUnitTests\bin\Debug\' @ C:\My Files\School\הנדסת תוכנה\שנה ג\סמסטר ב\סדנא ליישום פרוייקט תוכנה\Workspace\Version 1\E-Commerce-System\code\test\ECommerceSystemUnitTests\ECommerceSystemUnitTests.csproj:0
[12:39:53.292 Verbose] - BuildManager - Item AppConfigFileDestination 'C:\My Files\School\הנדסת תוכנה\שנה ג\סמסטר ב\סדנא ליישום פרוייקט תוכנה\Workspace\Version 1\E-Commerce-System\code\.vs\ECommerceSystem\v16\lut\0\b\test\ECommerceSystemUnitTests\bin\Debug\ECommerceSystemTests.dll.config' evaluated via:
AppConfigFileDestination: '$(OutDir)$(TargetFileName).config' @ C:\Program Files (x86)\Microsoft Visual Studio\2019\Enterprise\MSBuild\Current\Bin\Microsoft.Common.CurrentVersion.targets:303
  OutDir: 'C:\My Files\School\הנדסת תוכנה\שנה ג\סמסטר ב\סדנא ליישום פרוייקט תוכנה\Workspace\Version 1\E-Commerce-System\code\.vs\ECommerceSystem\v16\lut\0\b\test\ECommerceSystemUnitTests\bin\Debug\' @ C:\My Files\School\הנדסת תוכנה\שנה ג\סמסטר ב\סדנא ליישום פרוייקט תוכנה\Workspace\Version 1\E-Commerce-System\code\test\ECommerceSystemUnitTests\ECommerceSystemUnitTests.csproj:0
  TargetFileName: '$(TargetName)$(TargetExt)' @ C:\Program Files (x86)\Microsoft Visual Studio\2019\Enterprise\MSBuild\Current\Bin\Microsoft.Common.CurrentVersion.targets:212
    TargetName: '$(AssemblyName)' @ C:\Program Files (x86)\Microsoft Visual Studio\2019\Enterprise\MSBuild\Current\Bin\Microsoft.Common.CurrentVersion.targets:204
      AssemblyName: 'ECommerceSystemTests' @ C:\My Files\School\הנדסת תוכנה\שנה ג\סמסטר ב\סדנא ליישום פרוייקט תוכנה\Workspace\Version 1\E-Commerce-System\code\test\ECommerceSystemUnitTests\ECommerceSystemUnitTests.csproj:14
    TargetExt: '.dll' @ C:\Program Files (x86)\Microsoft Visual Studio\2019\Enterprise\MSBuild\Current\Bin\Microsoft.Common.CurrentVersion.targets:183
[12:39:53.292 Verbose] - BuildManager - Item _DebugSymbolsOutputPath 'C:\My Files\School\הנדסת תוכנה\שנה ג\סמסטר ב\סדנא ליישום פרוייקט תוכנה\Workspace\Version 1\E-Commerce-System\code\.vs\ECommerceSystem\v16\lut\0\b\test\ECommerceSystemUnitTests\bin\Debug\ECommerceSystemTests.pdb' evaluated via:
_DebugSymbolsOutputPath: '@(_DebugSymbolsIntermediatePath->'$(OutDir)%(Filename)%(Extension)')' @ C:\Program Files (x86)\Microsoft Visual Studio\2019\Enterprise\MSBuild\Current\Bin\Microsoft.Common.CurrentVersion.targets:372
  OutDir: 'C:\My Files\School\הנדסת תוכנה\שנה ג\סמסטר ב\סדנא ליישום פרוייקט תוכנה\Workspace\Version 1\E-Commerce-System\code\.vs\ECommerceSystem\v16\lut\0\b\test\ECommerceSystemUnitTests\bin\Debug\' @ C:\My Files\School\הנדסת תוכנה\שנה ג\סמסטר ב\סדנא ליישום פרוייקט תוכנה\Workspace\Version 1\E-Commerce-System\code\test\ECommerceSystemUnitTests\ECommerceSystemUnitTests.csproj:0
[12:39:53.292 Verbose] - BuildManager - Item _ApplicationManifestFinal 'C:\My Files\School\הנדסת תוכנה\שנה ג\סמסטר ב\סדנא ליישום פרוייקט תוכנה\Workspace\Version 1\E-Commerce-System\code\.vs\ECommerceSystem\v16\lut\0\b\test\ECommerceSystemUnitTests\bin\Debug\Native.ECommerceSystemTests.manifest' evaluated via:
_ApplicationManifestFinal: '$(OutDir)$(_DeploymentTargetApplicationManifestFileName)' @ C:\Program Files (x86)\Microsoft Visual Studio\2019\Enterprise\MSBuild\Current\Bin\Microsoft.Common.CurrentVersion.targets:410
  OutDir: 'C:\My Files\School\הנדסת תוכנה\שנה ג\סמסטר ב\סדנא ליישום פרוייקט תוכנה\Workspace\Version 1\E-Commerce-System\code\.vs\ECommerceSystem\v16\lut\0\b\test\ECommerceSystemUnitTests\bin\Debug\' @ C:\My Files\School\הנדסת תוכנה\שנה ג\סמסטר ב\סדנא ליישום פרוייקט תוכנה\Workspace\Version 1\E-Commerce-System\code\test\ECommerceSystemUnitTests\ECommerceSystemUnitTests.csproj:0
  _DeploymentTargetApplicationManifestFileName: 'Native.$(AssemblyName).manifest' @ C:\Program Files (x86)\Microsoft Visual Studio\2019\Enterprise\MSBuild\Current\Bin\Microsoft.Common.CurrentVersion.targets:228
    AssemblyName: 'ECommerceSystemTests' @ C:\My Files\School\הנדסת תוכנה\שנה ג\סמסטר ב\סדנא ליישום פרוייקט תוכנה\Workspace\Version 1\E-Commerce-System\code\test\ECommerceSystemUnitTests\ECommerceSystemUnitTests.csproj:14
